-------------------------------------------------------------------------------
Test set: com.cydeo.TicketingProjectRestApplicationTests
-------------------------------------------------------------------------------
Tests run: 1, Failures: 0, Errors: 1, Skipped: 0, Time elapsed: 2.685 s <<< FAILURE! - in com.cydeo.TicketingProjectRestApplicationTests
contextLoads  Time elapsed: 0.011 s  <<< ERROR!
java.lang.IllegalStateException: Failed to load ApplicationContext
Caused by: org.springframework.beans.factory.BeanCreationException: Error creating bean with name 'entityManagerFactory' defined in class path resource [org/springframework/boot/autoconfigure/orm/jpa/HibernateJpaConfiguration.class]: Invocation of init method failed; nested exception is org.hibernate.AnnotationException: No identifier specified for entity: com.cydeo.entity.Project
Caused by: org.hibernate.AnnotationException: No identifier specified for entity: com.cydeo.entity.Project

